<?xml version="1.0" encoding="UTF-8"?>
<!-- Generated by org.testng.reporters.JUnitXMLReporter -->
<testsuite ignored="0" hostname="BDC7-L-115FW1R" failures="0" tests="2" name="Test-regression" time="61.194" errors="0" timestamp="2025-03-31T18:46:41 IST">
  <testcase classname="TestCases.ProductInformationTest" name="testProductPageUrl" time="7.516"/>
  <testcase classname="TestCases.ProductInformationTest" name="testProductInformationConsistency" time="0.762"/>
</testsuite> <!-- Test-regression -->
