<?xml version="1.0" encoding="UTF-8"?>
<!-- Generated by org.testng.reporters.JUnitReportReporter -->
<testsuite hostname="BDC7-L-115FW1R" failures="0" tests="1" name="API.EmployeeAPITest" time="3.143" errors="0" timestamp="2025-04-01T11:45:15 IST" skipped="0">
  <testcase classname="API.EmployeeAPITest" name="testEmployeeAPI" time="3.143"/>
</testsuite> <!-- API.EmployeeAPITest -->
