<?xml version="1.0" encoding="UTF-8"?>
<!-- Generated by org.testng.reporters.JUnitReportReporter -->
<testsuite hostname="BDC7-L-115FW1R" failures="0" tests="2" name="TestCases.ProductInformationTest" time="4.985" errors="0" timestamp="2025-04-01T16:03:41 IST" skipped="0">
  <testcase classname="TestCases.ProductInformationTest" name="testProductPageUrl" time="4.481"/>
  <testcase classname="TestCases.ProductInformationTest" name="testProductInformationConsistency" time="0.504"/>
</testsuite> <!-- TestCases.ProductInformationTest -->
