<?xml version="1.0" encoding="UTF-8"?>
<!-- Generated by org.testng.reporters.JUnitReportReporter -->
<testsuite hostname="BDC7-L-115FW1R" failures="0" tests="1" name="TestCases.EmployeeAPITest" time="2.300" errors="0" timestamp="2025-03-31T18:22:01 IST" skipped="0">
  <testcase classname="TestCases.EmployeeAPITest" name="testEmployeeAPI" time="2.300"/>
</testsuite> <!-- TestCases.EmployeeAPITest -->
